
  .   ____          _            __ _ _
 /\\ / ___'_ __ _ _(_)_ __  __ _ \ \ \ \
( ( )\___ | '_ | '_| | '_ \/ _` | \ \ \ \
 \\/  ___)| |_)| | | | | || (_| |  ) ) ) )
  '  |____| .__|_| |_|_| |_\__, | / / / /
 =========|_|==============|___/=/_/_/_/
 :: Spring Boot ::        (v2.1.0.RELEASE)

2018-11-14 17:00:54.331  INFO 3126 --- [           main] CorridorAuthenticationServiceApplication : Starting CorridorAuthenticationServiceApplication v0.0.1-SNAPSHOT on PRINHYLTPDL1173 with PID 3126 (/home/parthp/PRAC_Demo/authentication-service/corridor-authentication-service-0.0.1-SNAPSHOT.jar started by parthp in /home/parthp/PRAC_Demo/authentication-service)
2018-11-14 17:00:54.335  INFO 3126 --- [           main] CorridorAuthenticationServiceApplication : No active profile set, falling back to default profiles: default
2018-11-14 17:00:56.221  INFO 3126 --- [           main] o.s.b.w.embedded.tomcat.TomcatWebServer  : Tomcat initialized with port(s): 9990 (http)
2018-11-14 17:00:56.247  INFO 3126 --- [           main] o.apache.catalina.core.StandardService   : Starting service [Tomcat]
2018-11-14 17:00:56.248  INFO 3126 --- [           main] org.apache.catalina.core.StandardEngine  : Starting Servlet Engine: Apache Tomcat/9.0.12
2018-11-14 17:00:56.259  INFO 3126 --- [           main] o.a.catalina.core.AprLifecycleListener   : The APR based Apache Tomcat Native library which allows optimal performance in production environments was not found on the java.library.path: [/usr/java/packages/lib/amd64:/usr/lib/x86_64-linux-gnu/jni:/lib/x86_64-linux-gnu:/usr/lib/x86_64-linux-gnu:/usr/lib/jni:/lib:/usr/lib]
2018-11-14 17:00:56.343  INFO 3126 --- [           main] o.a.c.c.C.[Tomcat].[localhost].[/]       : Initializing Spring embedded WebApplicationContext
2018-11-14 17:00:56.343  INFO 3126 --- [           main] o.s.web.context.ContextLoader            : Root WebApplicationContext: initialization completed in 1953 ms
2018-11-14 17:00:56.757  INFO 3126 --- [           main] o.s.b.w.servlet.FilterRegistrationBean   : Mapping filter: 'characterEncodingFilter' to: [/*]
2018-11-14 17:00:56.757  INFO 3126 --- [           main] o.s.b.w.servlet.FilterRegistrationBean   : Mapping filter: 'webMvcMetricsFilter' to: [/*]
2018-11-14 17:00:56.757  INFO 3126 --- [           main] o.s.b.w.servlet.FilterRegistrationBean   : Mapping filter: 'hiddenHttpMethodFilter' to: [/*]
2018-11-14 17:00:56.757  INFO 3126 --- [           main] o.s.b.w.servlet.FilterRegistrationBean   : Mapping filter: 'formContentFilter' to: [/*]
2018-11-14 17:00:56.757  INFO 3126 --- [           main] o.s.b.w.servlet.FilterRegistrationBean   : Mapping filter: 'requestContextFilter' to: [/*]
2018-11-14 17:00:56.758  INFO 3126 --- [           main] o.s.b.w.servlet.FilterRegistrationBean   : Mapping filter: 'httpTraceFilter' to: [/*]
2018-11-14 17:00:56.758  INFO 3126 --- [           main] o.s.b.w.servlet.ServletRegistrationBean  : Servlet dispatcherServlet mapped to [/]
2018-11-14 17:00:57.124  INFO 3126 --- [           main] o.s.s.concurrent.ThreadPoolTaskExecutor  : Initializing ExecutorService 'applicationTaskExecutor'
2018-11-14 17:00:57.500  INFO 3126 --- [           main] o.s.b.a.e.web.EndpointLinksResolver      : Exposing 2 endpoint(s) beneath base path '/actuator'
2018-11-14 17:00:57.593  INFO 3126 --- [           main] o.s.b.w.embedded.tomcat.TomcatWebServer  : Tomcat started on port(s): 9990 (http) with context path ''
2018-11-14 17:00:57.597  INFO 3126 --- [           main] CorridorAuthenticationServiceApplication : Started CorridorAuthenticationServiceApplication in 3.772 seconds (JVM running for 4.265)
2018-11-14 17:01:14.894  INFO 3126 --- [nio-9990-exec-1] o.a.c.c.C.[Tomcat].[localhost].[/]       : Initializing Spring DispatcherServlet 'dispatcherServlet'
2018-11-14 17:01:14.894  INFO 3126 --- [nio-9990-exec-1] o.s.web.servlet.DispatcherServlet        : Initializing Servlet 'dispatcherServlet'
2018-11-14 17:01:14.903  INFO 3126 --- [nio-9990-exec-1] o.s.web.servlet.DispatcherServlet        : Completed initialization in 8 ms
2018-11-14 17:05:17.452  INFO 3126 --- [       Thread-5] o.s.s.concurrent.ThreadPoolTaskExecutor  : Shutting down ExecutorService 'applicationTaskExecutor'

  .   ____          _            __ _ _
 /\\ / ___'_ __ _ _(_)_ __  __ _ \ \ \ \
( ( )\___ | '_ | '_| | '_ \/ _` | \ \ \ \
 \\/  ___)| |_)| | | | | || (_| |  ) ) ) )
  '  |____| .__|_| |_|_| |_\__, | / / / /
 =========|_|==============|___/=/_/_/_/
 :: Spring Boot ::        (v2.1.0.RELEASE)

2018-11-14 17:12:01.925  INFO 4303 --- [           main] CorridorAuthenticationServiceApplication : Starting CorridorAuthenticationServiceApplication v0.0.1-SNAPSHOT on PRINHYLTPDL1173 with PID 4303 (/home/parthp/PRAC_Demo/authentication-service/corridor-authentication-service-0.0.1-SNAPSHOT.jar started by parthp in /home/parthp/PRAC_Demo/authentication-service)
2018-11-14 17:12:01.930  INFO 4303 --- [           main] CorridorAuthenticationServiceApplication : No active profile set, falling back to default profiles: default
2018-11-14 17:12:03.870  INFO 4303 --- [           main] o.s.b.w.embedded.tomcat.TomcatWebServer  : Tomcat initialized with port(s): 9990 (http)
2018-11-14 17:12:03.900  INFO 4303 --- [           main] o.apache.catalina.core.StandardService   : Starting service [Tomcat]
2018-11-14 17:12:03.900  INFO 4303 --- [           main] org.apache.catalina.core.StandardEngine  : Starting Servlet Engine: Apache Tomcat/9.0.12
2018-11-14 17:12:03.914  INFO 4303 --- [           main] o.a.catalina.core.AprLifecycleListener   : The APR based Apache Tomcat Native library which allows optimal performance in production environments was not found on the java.library.path: [/usr/java/packages/lib/amd64:/usr/lib/x86_64-linux-gnu/jni:/lib/x86_64-linux-gnu:/usr/lib/x86_64-linux-gnu:/usr/lib/jni:/lib:/usr/lib]
2018-11-14 17:12:04.020  INFO 4303 --- [           main] o.a.c.c.C.[Tomcat].[localhost].[/]       : Initializing Spring embedded WebApplicationContext
2018-11-14 17:12:04.020  INFO 4303 --- [           main] o.s.web.context.ContextLoader            : Root WebApplicationContext: initialization completed in 2020 ms
2018-11-14 17:12:04.469  INFO 4303 --- [           main] o.s.b.w.servlet.FilterRegistrationBean   : Mapping filter: 'characterEncodingFilter' to: [/*]
2018-11-14 17:12:04.469  INFO 4303 --- [           main] o.s.b.w.servlet.FilterRegistrationBean   : Mapping filter: 'webMvcMetricsFilter' to: [/*]
2018-11-14 17:12:04.469  INFO 4303 --- [           main] o.s.b.w.servlet.FilterRegistrationBean   : Mapping filter: 'hiddenHttpMethodFilter' to: [/*]
2018-11-14 17:12:04.469  INFO 4303 --- [           main] o.s.b.w.servlet.FilterRegistrationBean   : Mapping filter: 'formContentFilter' to: [/*]
2018-11-14 17:12:04.469  INFO 4303 --- [           main] o.s.b.w.servlet.FilterRegistrationBean   : Mapping filter: 'requestContextFilter' to: [/*]
2018-11-14 17:12:04.470  INFO 4303 --- [           main] o.s.b.w.servlet.FilterRegistrationBean   : Mapping filter: 'httpTraceFilter' to: [/*]
2018-11-14 17:12:04.470  INFO 4303 --- [           main] o.s.b.w.servlet.ServletRegistrationBean  : Servlet dispatcherServlet mapped to [/]
2018-11-14 17:12:04.821  INFO 4303 --- [           main] o.s.s.concurrent.ThreadPoolTaskExecutor  : Initializing ExecutorService 'applicationTaskExecutor'
2018-11-14 17:12:05.180  INFO 4303 --- [           main] o.s.b.a.e.web.EndpointLinksResolver      : Exposing 2 endpoint(s) beneath base path '/actuator'
2018-11-14 17:12:05.268  INFO 4303 --- [           main] o.s.b.w.embedded.tomcat.TomcatWebServer  : Tomcat started on port(s): 9990 (http) with context path ''
2018-11-14 17:12:05.273  INFO 4303 --- [           main] CorridorAuthenticationServiceApplication : Started CorridorAuthenticationServiceApplication in 3.872 seconds (JVM running for 4.372)
2018-11-14 17:12:53.280  INFO 4303 --- [nio-9990-exec-1] o.a.c.c.C.[Tomcat].[localhost].[/]       : Initializing Spring DispatcherServlet 'dispatcherServlet'
2018-11-14 17:12:53.280  INFO 4303 --- [nio-9990-exec-1] o.s.web.servlet.DispatcherServlet        : Initializing Servlet 'dispatcherServlet'
2018-11-14 17:12:53.291  INFO 4303 --- [nio-9990-exec-1] o.s.web.servlet.DispatcherServlet        : Completed initialization in 11 ms
2018-11-14 17:36:53.160  INFO 4303 --- [       Thread-5] o.s.s.concurrent.ThreadPoolTaskExecutor  : Shutting down ExecutorService 'applicationTaskExecutor'
